<?xml version="1.0" encoding="UTF-8"?>
<testng-results skipped="0" failed="0" total="1" passed="1">
  <reporter-output>
  </reporter-output>
  <suite name="Default suite" duration-ms="23327" started-at="2018-03-09T08:03:54Z" finished-at="2018-03-09T08:04:18Z">
    <groups>
    </groups>
    <test name="Default test" duration-ms="23327" started-at="2018-03-09T08:03:54Z" finished-at="2018-03-09T08:04:18Z">
      <class name="com.qa.test.QuantraTask">
        <test-method status="PASS" signature="loginTest()[pri:0, instance:com.qa.test.QuantraTask@2b98378d]" name="loginTest" duration-ms="23317" started-at="2018-03-09T13:33:54Z" finished-at="2018-03-09T13:34:18Z">
          <reporter-output>
          </reporter-output>
        </test-method> <!-- loginTest -->
      </class> <!-- com.qa.test.QuantraTask -->
    </test> <!-- Default test -->
  </suite> <!-- Default suite -->
</testng-results>
